<?xml version="1.0" encoding="UTF-8"?>
<!-- Generated by org.testng.reporters.JUnitReportReporter -->
<testsuite hostname="DESKTOP-D9L1E3E" failures="0" tests="1" name="appium.FirstAppiumTest" time="10.525" errors="0" timestamp="2022-03-01T01:40:25 EST" skipped="0">
  <testcase classname="appium.FirstAppiumTest" name="testSearch" time="10.525"/>
  <system-out/>
</testsuite> <!-- appium.FirstAppiumTest -->
